<?xml version="1.0" encoding="UTF-8"?>
<!-- Generated by org.testng.reporters.JUnitXMLReporter -->
<testsuite ignored="1" hostname="SL-LP-DELL-860" failures="0" tests="1" name="Test2" time="22.647" errors="0" timestamp="2024-06-04T12:35:54 IST">
  <testcase classname="com.testng_parameter_test.TestWebMethods" name="testGoogle" time="15.416"/>
  <testcase classname="com.testng_parameter_test.TestWebMethods" name="testFb" time="0.0">
    <ignored/>
  </testcase> <!-- testFb -->
</testsuite> <!-- Test2 -->
