<?xml version="1.0" encoding="UTF-8"?>
<!-- Generated by org.testng.reporters.JUnitXMLReporter -->
<testsuite ignored="2" hostname="SL-LP-DELL-860" failures="0" tests="1" name="TestLogin" time="20.051" errors="0" timestamp="2024-06-04T12:54:05 IST">
  <testcase classname="com.testng_parameter_test.TestWebMethods" name="LoginTest" time="11.228"/>
  <testcase classname="com.testng_parameter_test.TestWebMethods" name="testFb" time="0.0">
    <ignored/>
  </testcase> <!-- testFb -->
  <testcase classname="com.testng_parameter_test.TestWebMethods" name="testGoogle" time="0.0">
    <ignored/>
  </testcase> <!-- testGoogle -->
</testsuite> <!-- TestLogin -->
