<?xml version="1.0" encoding="UTF-8"?>
<!-- Generated by org.testng.reporters.JUnitXMLReporter -->
<testsuite ignored="1" hostname="SL-LP-DELL-860" failures="0" tests="1" name="Test1" time="26.116" errors="0" timestamp="2024-06-04T12:35:31 IST">
  <testcase classname="com.testng_parameter_test.TestWebMethods" name="testFb" time="18.243"/>
  <testcase classname="com.testng_parameter_test.TestWebMethods" name="testGoogle" time="0.0">
    <ignored/>
  </testcase> <!-- testGoogle -->
</testsuite> <!-- Test1 -->
