<?xml version="1.0" encoding="UTF-8"?>
<testng-results ignored="0" total="3" passed="3" failed="0" skipped="0">
  <reporter-output>
  </reporter-output>
  <suite started-at="2024-06-05T12:51:35 IST" name="Suite" finished-at="2024-06-05T12:51:36 IST" duration-ms="107">
    <groups>
    </groups>
    <test started-at="2024-06-05T12:51:35 IST" name="TestLogin" finished-at="2024-06-05T12:51:36 IST" duration-ms="107">
      <class name="com.dataproviders.parellel.TestParallel">
        <test-method signature="TestXyz()[pri:0, instance:com.dataproviders.parellel.TestParallel@4d154ccd]" started-at="2024-06-05T12:51:35 IST" name="TestXyz" finished-at="2024-06-05T12:51:35 IST" duration-ms="13" status="PASS">
          <reporter-output>
          </reporter-output>
        </test-method> <!-- TestXyz -->
        <test-method signature="TestAbc()[pri:0, instance:com.dataproviders.parellel.TestParallel@4d154ccd]" started-at="2024-06-05T12:51:35 IST" name="TestAbc" finished-at="2024-06-05T12:51:35 IST" duration-ms="3" status="PASS">
          <reporter-output>
          </reporter-output>
        </test-method> <!-- TestAbc -->
        <test-method signature="TestPqr()[pri:0, instance:com.dataproviders.parellel.TestParallel@4d154ccd]" started-at="2024-06-05T12:51:36 IST" name="TestPqr" finished-at="2024-06-05T12:51:36 IST" duration-ms="1" status="PASS">
          <reporter-output>
          </reporter-output>
        </test-method> <!-- TestPqr -->
      </class> <!-- com.dataproviders.parellel.TestParallel -->
    </test> <!-- TestLogin -->
  </suite> <!-- Suite -->
</testng-results>
