<?xml version="1.0" encoding="UTF-8"?>
<testng-results ignored="0" total="1" passed="1" failed="0" skipped="0">
  <reporter-output>
  </reporter-output>
  <suite started-at="2024-06-04T12:53:45 IST" name="Suite" finished-at="2024-06-04T12:54:05 IST" duration-ms="20051">
    <groups>
    </groups>
    <test started-at="2024-06-04T12:53:45 IST" name="TestLogin" finished-at="2024-06-04T12:54:05 IST" duration-ms="20051">
      <class name="com.testng_parameter_test.TestWebMethods">
        <test-method is-config="true" signature="suiteB(java.lang.String)[pri:0, instance:com.testng_parameter_test.TestWebMethods@1e0b4072]" started-at="2024-06-04T12:53:45 IST" name="suiteB" finished-at="2024-06-04T12:53:51 IST" duration-ms="5510" status="PASS">
          <params>
            <param index="0">
              <value>
                <![CDATA[chrome]]>
              </value>
            </param>
          </params>
          <reporter-output>
          </reporter-output>
        </test-method> <!-- suiteB -->
        <test-method signature="LoginTest(java.lang.String,java.lang.String)[pri:0, instance:com.testng_parameter_test.TestWebMethods@1e0b4072]" started-at="2024-06-04T12:53:51 IST" name="LoginTest" finished-at="2024-06-04T12:54:02 IST" duration-ms="11228" status="PASS">
          <params>
            <param index="0">
              <value>
                <![CDATA[venugopal]]>
              </value>
            </param>
            <param index="1">
              <value>
                <![CDATA[v@123a]]>
              </value>
            </param>
          </params>
          <reporter-output>
          </reporter-output>
        </test-method> <!-- LoginTest -->
        <test-method is-config="true" signature="suiteA()[pri:0, instance:com.testng_parameter_test.TestWebMethods@1e0b4072]" started-at="2024-06-04T12:54:02 IST" name="suiteA" finished-at="2024-06-04T12:54:05 IST" duration-ms="3209" status="PASS">
          <reporter-output>
          </reporter-output>
        </test-method> <!-- suiteA -->
      </class> <!-- com.testng_parameter_test.TestWebMethods -->
    </test> <!-- TestLogin -->
  </suite> <!-- Suite -->
</testng-results>
