<?xml version="1.0" encoding="UTF-8"?>
<!-- Generated by org.testng.reporters.JUnitXMLReporter -->
<testsuite ignored="0" hostname="SL-LP-DELL-860" failures="0" tests="3" name="TestLogin" time="0.107" errors="0" timestamp="2024-06-05T12:51:36 IST">
  <testcase classname="com.dataproviders.parellel.TestParallel" name="TestXyz" time="0.013"/>
  <testcase classname="com.dataproviders.parellel.TestParallel" name="TestAbc" time="0.003"/>
  <testcase classname="com.dataproviders.parellel.TestParallel" name="TestPqr" time="0.001"/>
</testsuite> <!-- TestLogin -->
