<?xml version="1.0" encoding="UTF-8"?>
<!-- Generated by org.testng.reporters.JUnitXMLReporter -->
<testsuite ignored="0" hostname="SL-LP-DELL-860" failures="0" tests="3" name="Default test" time="0.108" errors="0" timestamp="2024-06-05T12:39:02 IST">
  <testcase classname="com.dataproviders.priorties.TestProrities" name="TestXyz" time="0.011"/>
  <testcase classname="com.dataproviders.priorties.TestProrities" name="TestAbc" time="0.005"/>
  <testcase classname="com.dataproviders.priorties.TestProrities" name="TestPqr" time="0.005"/>
</testsuite> <!-- Default test -->
